<component name="libraryTable">
  <library name="junit:junit:5.0-SNAPSHOT" type="repository">
    <properties maven-id="junit:junit:5.0-SNAPSHOT" />
    <CLASSES />
    <JAVADOC />
    <SOURCES />
  </library>
</component>